<?xml version="1.0" encoding="UTF-8"?>
<!-- Generated by org.testng.reporters.JUnitReportReporter -->
<testsuite hostname="SAIKRISHNA" failures="0" tests="1" name="org.example.AppTest" time="0.014" errors="0" timestamp="2023-04-21T10:12:12 IST" skipped="0">
  <testcase classname="org.example.AppTest" name="testApp" time="0.014"/>
  <system-out/>
</testsuite> <!-- org.example.AppTest -->
